<[03/06/2025 - 03:49:32]> ------------------------------------------------------------
<[03/06/2025 - 03:49:32]> --------------------- Logging Started ----------------------
<[03/06/2025 - 03:49:32]> ------------------------------------------------------------
<[03/06/2025 - 03:49:32]> Galactic 1.2.0
<[03/06/2025 - 03:49:32]> Platform: Windows
<[03/06/2025 - 03:49:32]> Windows NT 10.0 Build 26100 Win64; x64
<[03/06/2025 - 03:49:32]> Intel(R) Core(TM) i7-9700K CPU @ 3.60GHz
<[03/06/2025 - 03:49:32]> ------------------------------------------------------------
<[03/06/2025 - 03:49:32]> [INFO]    Loading modules...
<[03/06/2025 - 03:49:32]> [INFO]    0/0 Modules loaded, 0 failed
<[03/06/2025 - 03:49:32]> [INFO]    Scanning resources...
<[03/06/2025 - 03:49:32]> [INFO]    Loading resources...
<[03/06/2025 - 03:49:32]> [INFO]    1 resources in the resource cache
<[03/06/2025 - 03:49:32]> [INFO]    Server is starting...
<[03/06/2025 - 03:49:32]> [INFO]    Multithreading: disabled
<[03/06/2025 - 03:49:32]> [INFO]    Server is now listening on port 22000 max players 32...
<[03/06/2025 - 03:49:32]> [INFO]    Starting resources...
<[03/06/2025 - 03:49:32]> [INFO]    START: Starting resource freeroam...
<[03/06/2025 - 03:49:32]> [INFO]    START: Resource freeroam started.
<[03/06/2025 - 03:49:32]> [INFO]    1/1 Resources loaded, 0 failed
<[03/06/2025 - 03:49:32]> [INFO]    Connecting to the server listing...
<[03/06/2025 - 03:49:32]> [INFO]    Connected to the server listing
<[03/06/2025 - 03:49:32]> [INFO]    SERVER LISTING: Pinging server...
<[03/06/2025 - 03:49:37]> [ERROR]   SERVER LISTING: Failed to ping the server.
<[03/06/2025 - 03:49:38]> [INFO]    Disconnected from server listing
<[03/06/2025 - 03:49:43]> [INFO]    Connecting to the server listing...
<[03/06/2025 - 03:49:43]> [INFO]    Connected to the server listing
<[03/06/2025 - 03:49:43]> [INFO]    SERVER LISTING: Pinging server...
<[03/06/2025 - 03:49:48]> [ERROR]   SERVER LISTING: Failed to ping the server.
<[03/06/2025 - 03:49:49]> [INFO]    Disconnected from server listing
<[03/06/2025 - 03:49:52]> [INFO]    Server shutting down...
<[03/06/2025 - 03:49:52]> [INFO]    STOP: Stopping resource freeroam...
<[03/06/2025 - 03:49:52]> [INFO]    STOP: Resource freeroam stopped.
<[03/06/2025 - 03:49:52]> ------------------------------------------------------------
<[03/06/2025 - 03:49:52]> ---------------------- Logging Ended -----------------------
<[03/06/2025 - 03:49:52]> ------------------------------------------------------------
<[03/06/2025 - 03:56:26]> ------------------------------------------------------------
<[03/06/2025 - 03:56:26]> --------------------- Logging Started ----------------------
<[03/06/2025 - 03:56:26]> ------------------------------------------------------------
<[03/06/2025 - 03:56:26]> Galactic 1.2.0
<[03/06/2025 - 03:56:26]> Platform: Windows
<[03/06/2025 - 03:56:26]> Windows NT 10.0 Build 26100 Win64; x64
<[03/06/2025 - 03:56:26]> Intel(R) Core(TM) i7-9700K CPU @ 3.60GHz
<[03/06/2025 - 03:56:26]> ------------------------------------------------------------
<[03/06/2025 - 03:56:26]> [INFO]    Loading modules...
<[03/06/2025 - 03:56:26]> [INFO]    0/0 Modules loaded, 0 failed
<[03/06/2025 - 03:56:26]> [INFO]    Scanning resources...
<[03/06/2025 - 03:56:26]> [INFO]    Loading resources...
<[03/06/2025 - 03:56:26]> [INFO]    2 resources in the resource cache
<[03/06/2025 - 03:56:26]> [INFO]    Server is starting...
<[03/06/2025 - 03:56:26]> [INFO]    Multithreading: disabled
<[03/06/2025 - 03:56:26]> [INFO]    Server is now listening on port 22000 max players 32...
<[03/06/2025 - 03:56:26]> [INFO]    Starting resources...
<[03/06/2025 - 03:56:26]> [INFO]    START: Starting resource coop...
<[03/06/2025 - 03:56:26]> [INFO]    START: Resource coop started.
<[03/06/2025 - 03:56:26]> [INFO]    1/1 Resources loaded, 0 failed
<[03/06/2025 - 03:56:26]> [INFO]    Connecting to the server listing...
<[03/06/2025 - 03:56:36]> [ERROR]   Failed to connect to the server listing
<[03/06/2025 - 03:56:41]> [INFO]    Connecting to the server listing...
<[03/06/2025 - 03:56:41]> [INFO]    Server shutting down...
<[03/06/2025 - 03:56:41]> [INFO]    STOP: Stopping resource coop...
<[03/06/2025 - 03:56:41]> [INFO]    STOP: Resource coop stopped.
<[03/06/2025 - 03:56:41]> ------------------------------------------------------------
<[03/06/2025 - 03:56:41]> ---------------------- Logging Ended -----------------------
<[03/06/2025 - 03:56:41]> ------------------------------------------------------------
<[03/06/2025 - 03:56:50]> ------------------------------------------------------------
<[03/06/2025 - 03:56:50]> --------------------- Logging Started ----------------------
<[03/06/2025 - 03:56:50]> ------------------------------------------------------------
<[03/06/2025 - 03:56:50]> Galactic 1.2.0
<[03/06/2025 - 03:56:50]> Platform: Windows
<[03/06/2025 - 03:56:50]> Windows NT 10.0 Build 26100 Win64; x64
<[03/06/2025 - 03:56:50]> Intel(R) Core(TM) i7-9700K CPU @ 3.60GHz
<[03/06/2025 - 03:56:50]> ------------------------------------------------------------
<[03/06/2025 - 03:56:50]> [INFO]    Loading modules...
<[03/06/2025 - 03:56:50]> [INFO]    0/0 Modules loaded, 0 failed
<[03/06/2025 - 03:56:50]> [INFO]    Scanning resources...
<[03/06/2025 - 03:56:50]> [INFO]    Loading resources...
<[03/06/2025 - 03:56:50]> [INFO]    2 resources in the resource cache
<[03/06/2025 - 03:56:50]> [INFO]    Server is starting...
<[03/06/2025 - 03:56:50]> [INFO]    Multithreading: disabled
<[03/06/2025 - 03:56:50]> [INFO]    Server is now listening on port 8904 max players 32...
<[03/06/2025 - 03:56:50]> [INFO]    Starting resources...
<[03/06/2025 - 03:56:50]> [INFO]    START: Starting resource coop...
<[03/06/2025 - 03:56:50]> [INFO]    START: Resource coop started.
<[03/06/2025 - 03:56:50]> [INFO]    1/1 Resources loaded, 0 failed
<[03/06/2025 - 03:56:50]> [INFO]    Connecting to the server listing...
<[03/06/2025 - 03:57:00]> [ERROR]   Failed to connect to the server listing
<[03/06/2025 - 03:57:05]> [INFO]    Connecting to the server listing...
<[03/06/2025 - 03:57:15]> [ERROR]   Failed to connect to the server listing
<[03/06/2025 - 03:57:20]> [INFO]    Connecting to the server listing...
<[03/06/2025 - 03:57:30]> [ERROR]   Failed to connect to the server listing
<[03/06/2025 - 03:57:35]> [INFO]    Connecting to the server listing...
<[03/06/2025 - 03:57:45]> [ERROR]   Failed to connect to the server listing
<[03/06/2025 - 03:57:50]> [INFO]    Connecting to the server listing...
<[03/06/2025 - 03:58:00]> [ERROR]   Failed to connect to the server listing
<[03/06/2025 - 03:58:05]> [INFO]    Connecting to the server listing...
<[03/06/2025 - 03:58:15]> [ERROR]   Failed to connect to the server listing
<[03/06/2025 - 03:58:20]> [INFO]    Connecting to the server listing...
<[03/06/2025 - 03:58:30]> [ERROR]   Failed to connect to the server listing
<[03/06/2025 - 03:58:35]> [INFO]    Connecting to the server listing...
<[03/06/2025 - 03:58:45]> [ERROR]   Failed to connect to the server listing
<[03/06/2025 - 03:58:50]> [INFO]    Connecting to the server listing...
<[03/06/2025 - 03:59:00]> [ERROR]   Failed to connect to the server listing
<[03/06/2025 - 03:59:05]> [INFO]    Connecting to the server listing...
<[03/06/2025 - 03:59:15]> [ERROR]   Failed to connect to the server listing
<[03/06/2025 - 03:59:20]> [INFO]    Connecting to the server listing...
<[03/06/2025 - 03:59:30]> [ERROR]   Failed to connect to the server listing
<[03/06/2025 - 03:59:35]> [INFO]    Connecting to the server listing...
<[03/06/2025 - 03:59:45]> [ERROR]   Failed to connect to the server listing
<[03/06/2025 - 03:59:50]> [INFO]    Connecting to the server listing...
<[03/06/2025 - 04:00:00]> [ERROR]   Failed to connect to the server listing
<[03/06/2025 - 04:00:05]> [INFO]    Connecting to the server listing...
<[03/06/2025 - 04:00:15]> [ERROR]   Failed to connect to the server listing
<[03/06/2025 - 04:00:20]> [INFO]    Connecting to the server listing...
<[03/06/2025 - 04:00:30]> [ERROR]   Failed to connect to the server listing
<[03/06/2025 - 04:00:35]> [INFO]    Connecting to the server listing...
<[03/06/2025 - 04:00:45]> [ERROR]   Failed to connect to the server listing
<[03/06/2025 - 04:00:50]> [INFO]    Connecting to the server listing...
<[03/06/2025 - 04:01:00]> [ERROR]   Failed to connect to the server listing
<[03/06/2025 - 04:01:05]> [INFO]    Connecting to the server listing...
<[03/06/2025 - 04:01:15]> [ERROR]   Failed to connect to the server listing
<[03/06/2025 - 04:01:20]> [INFO]    Connecting to the server listing...
<[03/06/2025 - 04:01:30]> [ERROR]   Failed to connect to the server listing
<[03/06/2025 - 04:01:35]> [INFO]    Connecting to the server listing...
<[03/06/2025 - 04:01:45]> [ERROR]   Failed to connect to the server listing
<[03/06/2025 - 04:01:50]> [INFO]    Connecting to the server listing...
<[03/06/2025 - 04:02:00]> [ERROR]   Failed to connect to the server listing
<[03/06/2025 - 04:02:05]> [INFO]    Connecting to the server listing...
<[03/06/2025 - 04:02:15]> [ERROR]   Failed to connect to the server listing
<[03/06/2025 - 04:02:20]> [INFO]    Connecting to the server listing...
<[03/06/2025 - 04:02:30]> [ERROR]   Failed to connect to the server listing
<[03/06/2025 - 04:02:35]> [INFO]    Connecting to the server listing...
<[03/06/2025 - 04:02:45]> [ERROR]   Failed to connect to the server listing
<[03/06/2025 - 04:02:50]> [INFO]    Connecting to the server listing...
<[03/06/2025 - 04:03:00]> [ERROR]   Failed to connect to the server listing
<[03/06/2025 - 04:03:05]> [INFO]    Connecting to the server listing...
<[03/06/2025 - 04:03:15]> [ERROR]   Failed to connect to the server listing
<[03/06/2025 - 04:03:20]> [INFO]    Connecting to the server listing...
<[03/06/2025 - 04:03:30]> [ERROR]   Failed to connect to the server listing
<[03/06/2025 - 04:03:35]> [INFO]    Connecting to the server listing...
<[03/06/2025 - 04:03:45]> [ERROR]   Failed to connect to the server listing
<[03/06/2025 - 04:03:50]> [INFO]    Connecting to the server listing...
<[03/06/2025 - 04:04:00]> [ERROR]   Failed to connect to the server listing
<[03/06/2025 - 04:04:05]> [INFO]    Connecting to the server listing...
<[03/06/2025 - 04:04:15]> [ERROR]   Failed to connect to the server listing
<[03/06/2025 - 04:04:20]> [INFO]    Connecting to the server listing...
<[03/06/2025 - 04:04:30]> [ERROR]   Failed to connect to the server listing
<[03/06/2025 - 04:04:35]> [INFO]    Connecting to the server listing...
<[03/06/2025 - 04:04:45]> [ERROR]   Failed to connect to the server listing
<[03/06/2025 - 04:04:50]> [INFO]    Connecting to the server listing...
<[03/06/2025 - 04:05:00]> [ERROR]   Failed to connect to the server listing
<[03/06/2025 - 04:05:05]> [INFO]    Connecting to the server listing...
<[03/06/2025 - 04:05:15]> [ERROR]   Failed to connect to the server listing
<[03/06/2025 - 04:05:20]> [INFO]    Connecting to the server listing...
<[03/06/2025 - 04:05:30]> [ERROR]   Failed to connect to the server listing
<[03/06/2025 - 04:05:35]> [INFO]    Connecting to the server listing...
<[03/06/2025 - 04:05:45]> [ERROR]   Failed to connect to the server listing
<[03/06/2025 - 04:05:50]> [INFO]    Connecting to the server listing...
<[03/06/2025 - 04:06:00]> [ERROR]   Failed to connect to the server listing
<[03/06/2025 - 04:06:05]> [INFO]    Connecting to the server listing...
<[03/06/2025 - 04:06:15]> [ERROR]   Failed to connect to the server listing
<[03/06/2025 - 04:06:20]> [INFO]    Connecting to the server listing...
<[03/06/2025 - 04:06:30]> [ERROR]   Failed to connect to the server listing
<[03/06/2025 - 04:06:35]> [INFO]    Connecting to the server listing...
<[03/06/2025 - 04:06:45]> [ERROR]   Failed to connect to the server listing
<[03/06/2025 - 04:06:50]> [INFO]    Connecting to the server listing...
<[03/06/2025 - 04:07:00]> [ERROR]   Failed to connect to the server listing
<[03/06/2025 - 04:07:05]> [INFO]    Connecting to the server listing...
<[03/06/2025 - 04:07:15]> [ERROR]   Failed to connect to the server listing
<[03/06/2025 - 04:07:20]> [INFO]    Connecting to the server listing...
<[03/06/2025 - 04:07:30]> [ERROR]   Failed to connect to the server listing
<[03/06/2025 - 04:07:35]> [INFO]    Connecting to the server listing...
<[03/06/2025 - 04:07:45]> [ERROR]   Failed to connect to the server listing
<[03/06/2025 - 04:07:50]> [INFO]    Connecting to the server listing...
<[03/06/2025 - 04:08:00]> [ERROR]   Failed to connect to the server listing
<[03/06/2025 - 04:08:05]> [INFO]    Connecting to the server listing...
<[03/06/2025 - 04:08:15]> [ERROR]   Failed to connect to the server listing
<[03/06/2025 - 04:08:20]> [INFO]    Connecting to the server listing...
<[03/06/2025 - 04:08:30]> [ERROR]   Failed to connect to the server listing
<[03/06/2025 - 04:08:35]> [INFO]    Connecting to the server listing...
<[03/06/2025 - 04:08:45]> [ERROR]   Failed to connect to the server listing
<[03/06/2025 - 04:08:50]> [INFO]    Connecting to the server listing...
<[03/06/2025 - 04:09:00]> [ERROR]   Failed to connect to the server listing
<[03/06/2025 - 04:09:05]> [INFO]    Connecting to the server listing...
<[03/06/2025 - 04:09:15]> [ERROR]   Failed to connect to the server listing
<[03/06/2025 - 04:09:20]> [INFO]    Connecting to the server listing...
<[03/06/2025 - 04:09:30]> [ERROR]   Failed to connect to the server listing
<[03/06/2025 - 04:09:35]> [INFO]    Connecting to the server listing...
<[03/06/2025 - 04:09:45]> [ERROR]   Failed to connect to the server listing
<[03/06/2025 - 04:09:50]> [INFO]    Connecting to the server listing...
<[03/06/2025 - 04:10:00]> [ERROR]   Failed to connect to the server listing
<[03/06/2025 - 04:10:05]> [INFO]    Connecting to the server listing...
<[03/06/2025 - 04:10:15]> [ERROR]   Failed to connect to the server listing
<[03/06/2025 - 04:10:20]> [INFO]    Connecting to the server listing...
<[03/06/2025 - 04:10:30]> [ERROR]   Failed to connect to the server listing
<[03/06/2025 - 04:10:35]> [INFO]    Connecting to the server listing...
<[03/06/2025 - 04:10:45]> [ERROR]   Failed to connect to the server listing
<[03/06/2025 - 04:10:50]> [INFO]    Connecting to the server listing...
<[03/06/2025 - 04:11:00]> [ERROR]   Failed to connect to the server listing
<[03/06/2025 - 04:11:05]> [INFO]    Connecting to the server listing...
<[03/06/2025 - 04:11:15]> [ERROR]   Failed to connect to the server listing
<[03/06/2025 - 04:11:20]> [INFO]    Connecting to the server listing...
<[03/06/2025 - 04:11:30]> [ERROR]   Failed to connect to the server listing
<[03/06/2025 - 04:11:35]> [INFO]    Connecting to the server listing...
<[03/06/2025 - 04:11:45]> [ERROR]   Failed to connect to the server listing
<[03/06/2025 - 04:11:50]> [INFO]    Connecting to the server listing...
<[03/06/2025 - 04:12:00]> [ERROR]   Failed to connect to the server listing
<[03/06/2025 - 04:12:05]> [INFO]    Connecting to the server listing...
<[03/06/2025 - 04:12:15]> [ERROR]   Failed to connect to the server listing
<[03/06/2025 - 04:12:20]> [INFO]    Connecting to the server listing...
<[03/06/2025 - 04:12:30]> [ERROR]   Failed to connect to the server listing
<[03/06/2025 - 04:12:35]> [INFO]    Connecting to the server listing...
<[03/06/2025 - 04:12:45]> [ERROR]   Failed to connect to the server listing
<[03/06/2025 - 04:12:50]> [INFO]    Connecting to the server listing...
<[03/06/2025 - 04:13:00]> [ERROR]   Failed to connect to the server listing
<[03/06/2025 - 04:13:05]> [INFO]    Connecting to the server listing...
<[03/06/2025 - 04:13:15]> [ERROR]   Failed to connect to the server listing
<[03/06/2025 - 04:13:20]> [INFO]    Connecting to the server listing...
<[03/06/2025 - 04:13:30]> [ERROR]   Failed to connect to the server listing
<[03/06/2025 - 04:13:35]> [INFO]    Connecting to the server listing...
<[03/06/2025 - 04:13:45]> [ERROR]   Failed to connect to the server listing
<[03/06/2025 - 04:13:50]> [INFO]    Connecting to the server listing...
<[03/06/2025 - 04:14:00]> [ERROR]   Failed to connect to the server listing
<[03/06/2025 - 04:14:05]> [INFO]    Connecting to the server listing...
<[03/06/2025 - 04:14:15]> [ERROR]   Failed to connect to the server listing
<[03/06/2025 - 04:14:20]> [INFO]    Connecting to the server listing...
<[03/06/2025 - 04:14:30]> [ERROR]   Failed to connect to the server listing
<[03/06/2025 - 04:14:35]> [INFO]    Connecting to the server listing...
<[03/06/2025 - 04:14:45]> [ERROR]   Failed to connect to the server listing
<[03/06/2025 - 04:14:50]> [INFO]    Connecting to the server listing...
<[03/06/2025 - 04:15:00]> [ERROR]   Failed to connect to the server listing
<[03/06/2025 - 04:15:05]> [INFO]    Connecting to the server listing...
<[03/06/2025 - 04:15:15]> [ERROR]   Failed to connect to the server listing
<[03/06/2025 - 04:15:20]> [INFO]    Connecting to the server listing...
<[03/06/2025 - 04:15:30]> [ERROR]   Failed to connect to the server listing
<[03/06/2025 - 04:15:35]> [INFO]    Connecting to the server listing...
<[03/06/2025 - 04:15:45]> [ERROR]   Failed to connect to the server listing
<[03/06/2025 - 04:15:50]> [INFO]    Connecting to the server listing...
<[03/06/2025 - 04:16:00]> [ERROR]   Failed to connect to the server listing
<[03/06/2025 - 04:16:05]> [INFO]    Connecting to the server listing...
<[03/06/2025 - 04:16:15]> [ERROR]   Failed to connect to the server listing
<[03/06/2025 - 04:16:20]> [INFO]    Connecting to the server listing...
<[03/06/2025 - 04:16:30]> [ERROR]   Failed to connect to the server listing
<[03/06/2025 - 04:16:35]> [INFO]    Connecting to the server listing...
<[03/06/2025 - 04:16:45]> [ERROR]   Failed to connect to the server listing
<[03/06/2025 - 04:16:50]> [INFO]    Connecting to the server listing...
<[03/06/2025 - 04:17:00]> [ERROR]   Failed to connect to the server listing
<[03/06/2025 - 04:17:05]> [INFO]    Connecting to the server listing...
<[03/06/2025 - 04:17:15]> [ERROR]   Failed to connect to the server listing
<[03/06/2025 - 04:17:20]> [INFO]    Connecting to the server listing...
<[03/06/2025 - 04:17:30]> [ERROR]   Failed to connect to the server listing
<[03/06/2025 - 04:17:35]> [INFO]    Connecting to the server listing...
<[03/06/2025 - 04:17:45]> [ERROR]   Failed to connect to the server listing
<[03/06/2025 - 04:17:50]> [INFO]    Connecting to the server listing...
<[03/06/2025 - 04:18:00]> [ERROR]   Failed to connect to the server listing
<[03/06/2025 - 04:18:05]> [INFO]    Connecting to the server listing...
<[03/06/2025 - 04:18:05]> [INFO]    CONNECT: 127.0.0.1 is attempting to connect
<[03/06/2025 - 04:18:05]> [WARN]    CONNECT: 127.0.0.1 revoked connection [WRONG PASSWORD]
<[03/06/2025 - 04:18:15]> [ERROR]   Failed to connect to the server listing
<[03/06/2025 - 04:18:20]> [INFO]    Connecting to the server listing...
<[03/06/2025 - 04:18:30]> [ERROR]   Failed to connect to the server listing
<[03/06/2025 - 04:18:35]> [INFO]    Connecting to the server listing...
<[03/06/2025 - 04:18:45]> [ERROR]   Failed to connect to the server listing
<[03/06/2025 - 04:18:50]> [INFO]    Connecting to the server listing...
<[03/06/2025 - 04:19:00]> [ERROR]   Failed to connect to the server listing
<[03/06/2025 - 04:19:05]> [INFO]    Connecting to the server listing...
<[03/06/2025 - 04:19:15]> [ERROR]   Failed to connect to the server listing
<[03/06/2025 - 04:19:20]> [INFO]    Connecting to the server listing...
<[03/06/2025 - 04:19:30]> [ERROR]   Failed to connect to the server listing
<[03/06/2025 - 04:19:35]> [INFO]    Connecting to the server listing...
<[03/06/2025 - 04:19:45]> [ERROR]   Failed to connect to the server listing
<[03/06/2025 - 04:19:50]> [INFO]    Connecting to the server listing...
<[03/06/2025 - 04:19:57]> [INFO]    CONNECT: 127.0.0.1 is attempting to connect
<[03/06/2025 - 04:20:00]> [ERROR]   Failed to connect to the server listing
<[03/06/2025 - 04:20:05]> [INFO]    Connecting to the server listing...
<[03/06/2025 - 04:20:15]> [ERROR]   Failed to connect to the server listing
<[03/06/2025 - 04:20:20]> [INFO]    Connecting to the server listing...
<[03/06/2025 - 04:20:30]> [ERROR]   Failed to connect to the server listing
<[03/06/2025 - 04:20:35]> [INFO]    Connecting to the server listing...
<[03/06/2025 - 04:20:41]> [INFO]    Andrey: )
<[03/06/2025 - 04:20:45]> [ERROR]   Failed to connect to the server listing
<[03/06/2025 - 04:20:50]> [INFO]    Connecting to the server listing...
<[03/06/2025 - 04:21:00]> [ERROR]   Failed to connect to the server listing
<[03/06/2025 - 04:21:05]> [INFO]    Connecting to the server listing...
<[03/06/2025 - 04:21:15]> [ERROR]   Failed to connect to the server listing
<[03/06/2025 - 04:21:20]> [INFO]    Connecting to the server listing...
<[03/06/2025 - 04:21:30]> [ERROR]   Failed to connect to the server listing
<[03/06/2025 - 04:21:35]> [INFO]    Connecting to the server listing...
<[03/06/2025 - 04:21:45]> [ERROR]   Failed to connect to the server listing
<[03/06/2025 - 04:21:50]> [INFO]    Connecting to the server listing...
<[03/06/2025 - 04:22:00]> [ERROR]   Failed to connect to the server listing
<[03/06/2025 - 04:22:05]> [INFO]    Connecting to the server listing...
<[03/06/2025 - 04:22:15]> [ERROR]   Failed to connect to the server listing
<[03/06/2025 - 04:22:20]> [INFO]    Connecting to the server listing...
<[03/06/2025 - 04:22:30]> [ERROR]   Failed to connect to the server listing
<[03/06/2025 - 04:22:35]> [INFO]    Connecting to the server listing...
<[03/06/2025 - 04:22:45]> [ERROR]   Failed to connect to the server listing
<[03/06/2025 - 04:22:50]> [INFO]    Connecting to the server listing...
<[03/06/2025 - 04:23:00]> [ERROR]   Failed to connect to the server listing
<[03/06/2025 - 04:23:05]> [INFO]    Connecting to the server listing...
<[03/06/2025 - 04:23:15]> [ERROR]   Failed to connect to the server listing
<[03/06/2025 - 04:23:20]> [INFO]    Connecting to the server listing...
<[03/06/2025 - 04:23:30]> [ERROR]   Failed to connect to the server listing
<[03/06/2025 - 04:23:35]> [INFO]    Connecting to the server listing...
<[03/06/2025 - 04:23:45]> [ERROR]   Failed to connect to the server listing
<[03/06/2025 - 04:23:50]> [INFO]    Connecting to the server listing...
<[03/06/2025 - 04:24:00]> [ERROR]   Failed to connect to the server listing
<[03/06/2025 - 04:24:05]> [INFO]    Connecting to the server listing...
<[03/06/2025 - 04:24:15]> [ERROR]   Failed to connect to the server listing
<[03/06/2025 - 04:24:20]> [INFO]    Connecting to the server listing...
<[03/06/2025 - 04:24:30]> [ERROR]   Failed to connect to the server listing
<[03/06/2025 - 04:24:35]> [INFO]    Connecting to the server listing...
<[03/06/2025 - 04:24:45]> [ERROR]   Failed to connect to the server listing
<[03/06/2025 - 04:24:50]> [INFO]    Connecting to the server listing...
<[03/06/2025 - 04:25:00]> [ERROR]   Failed to connect to the server listing
<[03/06/2025 - 04:25:05]> [INFO]    Connecting to the server listing...
<[03/06/2025 - 04:25:15]> [ERROR]   Failed to connect to the server listing
<[03/06/2025 - 04:25:20]> [INFO]    Connecting to the server listing...
<[03/06/2025 - 04:25:30]> [ERROR]   Failed to connect to the server listing
<[03/06/2025 - 04:25:35]> [INFO]    Connecting to the server listing...
<[03/06/2025 - 04:25:45]> [ERROR]   Failed to connect to the server listing
<[03/06/2025 - 04:25:50]> [INFO]    Connecting to the server listing...
<[03/06/2025 - 04:26:00]> [ERROR]   Failed to connect to the server listing
<[03/06/2025 - 04:26:05]> [INFO]    Connecting to the server listing...
<[03/06/2025 - 04:26:15]> [ERROR]   Failed to connect to the server listing
<[03/06/2025 - 04:26:20]> [INFO]    Connecting to the server listing...
<[03/06/2025 - 04:26:30]> [ERROR]   Failed to connect to the server listing
<[03/06/2025 - 04:26:35]> [INFO]    Connecting to the server listing...
<[03/06/2025 - 04:26:45]> [ERROR]   Failed to connect to the server listing
<[03/06/2025 - 04:26:50]> [INFO]    Connecting to the server listing...
<[03/06/2025 - 04:27:00]> [ERROR]   Failed to connect to the server listing
<[03/06/2025 - 04:27:05]> [INFO]    Connecting to the server listing...
<[03/06/2025 - 04:27:15]> [ERROR]   Failed to connect to the server listing
<[03/06/2025 - 04:27:20]> [INFO]    Connecting to the server listing...
<[03/06/2025 - 04:27:30]> [ERROR]   Failed to connect to the server listing
<[03/06/2025 - 04:27:35]> [INFO]    Connecting to the server listing...
<[03/06/2025 - 04:27:45]> [ERROR]   Failed to connect to the server listing
<[03/06/2025 - 04:27:50]> [INFO]    Connecting to the server listing...
<[03/06/2025 - 04:28:00]> [ERROR]   Failed to connect to the server listing
<[03/06/2025 - 04:28:05]> [INFO]    Connecting to the server listing...
<[03/06/2025 - 04:28:15]> [ERROR]   Failed to connect to the server listing
<[03/06/2025 - 04:28:20]> [INFO]    Connecting to the server listing...
<[03/06/2025 - 04:28:30]> [ERROR]   Failed to connect to the server listing
<[03/06/2025 - 04:28:35]> [INFO]    Connecting to the server listing...
<[03/06/2025 - 04:28:45]> [ERROR]   Failed to connect to the server listing
<[03/06/2025 - 04:28:50]> [INFO]    Connecting to the server listing...
<[03/06/2025 - 04:29:00]> [ERROR]   Failed to connect to the server listing
<[03/06/2025 - 04:29:05]> [INFO]    Connecting to the server listing...
<[03/06/2025 - 04:29:15]> [ERROR]   Failed to connect to the server listing
<[03/06/2025 - 04:29:20]> [INFO]    Connecting to the server listing...
<[03/06/2025 - 04:29:30]> [ERROR]   Failed to connect to the server listing
<[03/06/2025 - 04:29:35]> [INFO]    Connecting to the server listing...
<[03/06/2025 - 04:29:45]> [ERROR]   Failed to connect to the server listing
<[03/06/2025 - 04:29:50]> [INFO]    Connecting to the server listing...
<[03/06/2025 - 04:30:00]> [ERROR]   Failed to connect to the server listing
<[03/06/2025 - 04:30:05]> [INFO]    Connecting to the server listing...
<[03/06/2025 - 04:30:15]> [ERROR]   Failed to connect to the server listing
<[03/06/2025 - 04:30:20]> [INFO]    Connecting to the server listing...
<[03/06/2025 - 04:30:30]> [ERROR]   Failed to connect to the server listing
<[03/06/2025 - 04:30:35]> [INFO]    Connecting to the server listing...
<[03/06/2025 - 04:30:45]> [ERROR]   Failed to connect to the server listing
<[03/06/2025 - 04:30:50]> [INFO]    Connecting to the server listing...
<[03/06/2025 - 04:31:00]> [ERROR]   Failed to connect to the server listing
<[03/06/2025 - 04:31:05]> [INFO]    Connecting to the server listing...
<[03/06/2025 - 04:31:15]> [ERROR]   Failed to connect to the server listing
<[03/06/2025 - 04:31:20]> [INFO]    Connecting to the server listing...
<[03/06/2025 - 04:31:30]> [ERROR]   Failed to connect to the server listing
<[03/06/2025 - 04:31:35]> [INFO]    Connecting to the server listing...
<[03/06/2025 - 04:31:45]> [ERROR]   Failed to connect to the server listing
<[03/06/2025 - 04:31:50]> [INFO]    Connecting to the server listing...
<[03/06/2025 - 04:32:00]> [ERROR]   Failed to connect to the server listing
<[03/06/2025 - 04:32:05]> [INFO]    Connecting to the server listing...
<[03/06/2025 - 04:32:15]> [ERROR]   Failed to connect to the server listing
<[03/06/2025 - 04:32:20]> [INFO]    Connecting to the server listing...
<[03/06/2025 - 04:32:30]> [ERROR]   Failed to connect to the server listing
<[03/06/2025 - 04:32:35]> [INFO]    Connecting to the server listing...
<[03/06/2025 - 04:32:45]> [ERROR]   Failed to connect to the server listing
<[03/06/2025 - 04:32:50]> [INFO]    Connecting to the server listing...
<[03/06/2025 - 04:33:00]> [ERROR]   Failed to connect to the server listing
<[03/06/2025 - 04:33:05]> [INFO]    Connecting to the server listing...
<[03/06/2025 - 04:33:15]> [ERROR]   Failed to connect to the server listing
<[03/06/2025 - 04:33:20]> [INFO]    Connecting to the server listing...
<[03/06/2025 - 04:33:30]> [ERROR]   Failed to connect to the server listing
<[03/06/2025 - 04:33:35]> [INFO]    Connecting to the server listing...
<[03/06/2025 - 04:33:45]> [ERROR]   Failed to connect to the server listing
<[03/06/2025 - 04:33:50]> [INFO]    Connecting to the server listing...
<[03/06/2025 - 04:34:00]> [ERROR]   Failed to connect to the server listing
<[03/06/2025 - 04:34:05]> [INFO]    Connecting to the server listing...
<[03/06/2025 - 04:34:15]> [ERROR]   Failed to connect to the server listing
<[03/06/2025 - 04:34:20]> [INFO]    Connecting to the server listing...
<[03/06/2025 - 04:34:30]> [ERROR]   Failed to connect to the server listing
<[03/06/2025 - 04:34:35]> [INFO]    Connecting to the server listing...
<[03/06/2025 - 04:34:45]> [ERROR]   Failed to connect to the server listing
<[03/06/2025 - 04:34:50]> [INFO]    Connecting to the server listing...
<[03/06/2025 - 04:35:00]> [ERROR]   Failed to connect to the server listing
<[03/06/2025 - 04:35:05]> [INFO]    Connecting to the server listing...
<[03/06/2025 - 04:35:15]> [ERROR]   Failed to connect to the server listing
<[03/06/2025 - 04:35:20]> [INFO]    Connecting to the server listing...
<[03/06/2025 - 04:35:30]> [ERROR]   Failed to connect to the server listing
<[03/06/2025 - 04:35:35]> [INFO]    Connecting to the server listing...
<[03/06/2025 - 04:35:45]> [ERROR]   Failed to connect to the server listing
<[03/06/2025 - 04:35:50]> [INFO]    Connecting to the server listing...
<[03/06/2025 - 04:36:00]> [ERROR]   Failed to connect to the server listing
<[03/06/2025 - 04:36:05]> [INFO]    Connecting to the server listing...
<[03/06/2025 - 04:36:15]> [ERROR]   Failed to connect to the server listing
<[03/06/2025 - 04:36:20]> [INFO]    Connecting to the server listing...
<[03/06/2025 - 04:36:30]> [ERROR]   Failed to connect to the server listing
<[03/06/2025 - 04:36:35]> [INFO]    Connecting to the server listing...
<[03/06/2025 - 04:36:45]> [ERROR]   Failed to connect to the server listing
<[03/06/2025 - 04:36:50]> [INFO]    Connecting to the server listing...
<[03/06/2025 - 04:37:00]> [ERROR]   Failed to connect to the server listing
<[03/06/2025 - 04:37:05]> [INFO]    Connecting to the server listing...
<[03/06/2025 - 04:37:15]> [ERROR]   Failed to connect to the server listing
<[03/06/2025 - 04:37:20]> [INFO]    Connecting to the server listing...
<[03/06/2025 - 04:37:30]> [ERROR]   Failed to connect to the server listing
<[03/06/2025 - 04:37:35]> [INFO]    Connecting to the server listing...
<[03/06/2025 - 04:37:45]> [ERROR]   Failed to connect to the server listing
<[03/06/2025 - 04:37:50]> [INFO]    Connecting to the server listing...
<[03/06/2025 - 04:38:00]> [ERROR]   Failed to connect to the server listing
<[03/06/2025 - 04:38:05]> [INFO]    Connecting to the server listing...
<[03/06/2025 - 04:38:15]> [ERROR]   Failed to connect to the server listing
<[03/06/2025 - 04:38:20]> [INFO]    Connecting to the server listing...
<[03/06/2025 - 04:38:30]> [ERROR]   Failed to connect to the server listing
<[03/06/2025 - 04:38:35]> [INFO]    Connecting to the server listing...
<[03/06/2025 - 04:38:45]> [ERROR]   Failed to connect to the server listing
<[03/06/2025 - 04:38:50]> [INFO]    Connecting to the server listing...
<[03/06/2025 - 04:39:00]> [ERROR]   Failed to connect to the server listing
<[03/06/2025 - 04:39:05]> [INFO]    Connecting to the server listing...
<[03/06/2025 - 04:39:15]> [ERROR]   Failed to connect to the server listing
<[03/06/2025 - 04:39:20]> [INFO]    Connecting to the server listing...
<[03/06/2025 - 04:39:30]> [ERROR]   Failed to connect to the server listing
<[03/06/2025 - 04:39:35]> [INFO]    Connecting to the server listing...
<[03/06/2025 - 04:39:45]> [ERROR]   Failed to connect to the server listing
<[03/06/2025 - 04:39:50]> [INFO]    Connecting to the server listing...
<[03/06/2025 - 04:40:00]> [ERROR]   Failed to connect to the server listing
<[03/06/2025 - 04:40:05]> [INFO]    Connecting to the server listing...
<[03/06/2025 - 04:40:15]> [ERROR]   Failed to connect to the server listing
<[03/06/2025 - 04:40:20]> [INFO]    Connecting to the server listing...
<[03/06/2025 - 04:40:30]> [ERROR]   Failed to connect to the server listing
<[03/06/2025 - 04:40:35]> [INFO]    Connecting to the server listing...
<[03/06/2025 - 04:40:45]> [ERROR]   Failed to connect to the server listing
<[03/06/2025 - 04:40:50]> [INFO]    Connecting to the server listing...
<[03/06/2025 - 04:41:00]> [ERROR]   Failed to connect to the server listing
<[03/06/2025 - 04:41:05]> [INFO]    Connecting to the server listing...
<[03/06/2025 - 04:41:15]> [ERROR]   Failed to connect to the server listing
<[03/06/2025 - 04:41:20]> [INFO]    Connecting to the server listing...
<[03/06/2025 - 04:41:30]> [ERROR]   Failed to connect to the server listing
<[03/06/2025 - 04:41:35]> [INFO]    Connecting to the server listing...
<[03/06/2025 - 04:41:45]> [ERROR]   Failed to connect to the server listing
<[03/06/2025 - 04:41:50]> [INFO]    Connecting to the server listing...
<[03/06/2025 - 04:42:00]> [ERROR]   Failed to connect to the server listing
<[03/06/2025 - 04:42:05]> [INFO]    Connecting to the server listing...
<[03/06/2025 - 04:42:15]> [ERROR]   Failed to connect to the server listing
<[03/06/2025 - 04:42:20]> [INFO]    Connecting to the server listing...
<[03/06/2025 - 04:42:30]> [ERROR]   Failed to connect to the server listing
<[03/06/2025 - 04:42:35]> [INFO]    Connecting to the server listing...
<[03/06/2025 - 04:42:45]> [ERROR]   Failed to connect to the server listing
<[03/06/2025 - 04:42:50]> [INFO]    Connecting to the server listing...
<[03/06/2025 - 04:43:00]> [ERROR]   Failed to connect to the server listing
<[03/06/2025 - 04:43:05]> [INFO]    Connecting to the server listing...
<[03/06/2025 - 04:43:15]> [ERROR]   Failed to connect to the server listing
<[03/06/2025 - 04:43:20]> [INFO]    Connecting to the server listing...
<[03/06/2025 - 04:43:30]> [ERROR]   Failed to connect to the server listing
<[03/06/2025 - 04:43:35]> [INFO]    Connecting to the server listing...
<[03/06/2025 - 04:43:45]> [ERROR]   Failed to connect to the server listing
<[03/06/2025 - 04:43:50]> [INFO]    Connecting to the server listing...
<[03/06/2025 - 04:44:00]> [ERROR]   Failed to connect to the server listing
<[03/06/2025 - 04:44:05]> [INFO]    Connecting to the server listing...
<[03/06/2025 - 04:44:15]> [ERROR]   Failed to connect to the server listing
<[03/06/2025 - 04:44:20]> [INFO]    Connecting to the server listing...
<[03/06/2025 - 04:44:30]> [ERROR]   Failed to connect to the server listing
<[03/06/2025 - 04:44:35]> [INFO]    Connecting to the server listing...
<[03/06/2025 - 04:44:45]> [ERROR]   Failed to connect to the server listing
<[03/06/2025 - 04:44:50]> [INFO]    Connecting to the server listing...
<[03/06/2025 - 04:45:00]> [ERROR]   Failed to connect to the server listing
<[03/06/2025 - 04:45:05]> [INFO]    Connecting to the server listing...
<[03/06/2025 - 04:45:15]> [ERROR]   Failed to connect to the server listing
<[03/06/2025 - 04:45:20]> [INFO]    Connecting to the server listing...
<[03/06/2025 - 04:45:30]> [ERROR]   Failed to connect to the server listing
<[03/06/2025 - 04:45:35]> [INFO]    Connecting to the server listing...
<[03/06/2025 - 04:45:45]> [ERROR]   Failed to connect to the server listing
<[03/06/2025 - 04:45:50]> [INFO]    Connecting to the server listing...
<[03/06/2025 - 04:46:00]> [ERROR]   Failed to connect to the server listing
<[03/06/2025 - 04:46:05]> [INFO]    Connecting to the server listing...
<[03/06/2025 - 04:46:15]> [ERROR]   Failed to connect to the server listing
<[03/06/2025 - 04:46:20]> [INFO]    Connecting to the server listing...
<[03/06/2025 - 04:46:30]> [ERROR]   Failed to connect to the server listing
<[03/06/2025 - 04:46:35]> [INFO]    Connecting to the server listing...
<[03/06/2025 - 04:46:45]> [ERROR]   Failed to connect to the server listing
<[03/06/2025 - 04:46:50]> [INFO]    Connecting to the server listing...
<[03/06/2025 - 04:47:00]> [ERROR]   Failed to connect to the server listing
<[03/06/2025 - 04:47:05]> [INFO]    Connecting to the server listing...
<[03/06/2025 - 04:47:15]> [ERROR]   Failed to connect to the server listing
<[03/06/2025 - 04:47:20]> [INFO]    Connecting to the server listing...
<[03/06/2025 - 04:47:30]> [ERROR]   Failed to connect to the server listing
<[03/06/2025 - 04:47:35]> [INFO]    Connecting to the server listing...
<[03/06/2025 - 04:47:45]> [ERROR]   Failed to connect to the server listing
<[03/06/2025 - 04:47:50]> [INFO]    Connecting to the server listing...
<[03/06/2025 - 04:48:00]> [ERROR]   Failed to connect to the server listing
<[03/06/2025 - 04:48:05]> [INFO]    Connecting to the server listing...
<[03/06/2025 - 04:48:15]> [ERROR]   Failed to connect to the server listing
<[03/06/2025 - 04:48:20]> [INFO]    Connecting to the server listing...
<[03/06/2025 - 04:48:30]> [ERROR]   Failed to connect to the server listing
<[03/06/2025 - 04:48:35]> [INFO]    Connecting to the server listing...
<[03/06/2025 - 04:48:45]> [ERROR]   Failed to connect to the server listing
<[03/06/2025 - 04:48:50]> [INFO]    Connecting to the server listing...
<[03/06/2025 - 04:49:00]> [ERROR]   Failed to connect to the server listing
<[03/06/2025 - 04:49:05]> [INFO]    Connecting to the server listing...
<[03/06/2025 - 04:49:15]> [ERROR]   Failed to connect to the server listing
<[03/06/2025 - 04:49:20]> [INFO]    Connecting to the server listing...
<[03/06/2025 - 04:49:30]> [ERROR]   Failed to connect to the server listing
<[03/06/2025 - 04:49:35]> [INFO]    Connecting to the server listing...
<[03/06/2025 - 04:49:45]> [ERROR]   Failed to connect to the server listing
<[03/06/2025 - 04:49:50]> [INFO]    Connecting to the server listing...
<[03/06/2025 - 04:50:00]> [ERROR]   Failed to connect to the server listing
<[03/06/2025 - 04:50:05]> [INFO]    Connecting to the server listing...
<[03/06/2025 - 04:50:15]> [ERROR]   Failed to connect to the server listing
<[03/06/2025 - 04:50:20]> [INFO]    Connecting to the server listing...
<[03/06/2025 - 04:50:30]> [ERROR]   Failed to connect to the server listing
<[03/06/2025 - 04:50:35]> [INFO]    Connecting to the server listing...
<[03/06/2025 - 04:50:45]> [ERROR]   Failed to connect to the server listing
<[03/06/2025 - 04:50:50]> [INFO]    Connecting to the server listing...
<[03/06/2025 - 04:51:00]> [ERROR]   Failed to connect to the server listing
<[03/06/2025 - 04:51:05]> [INFO]    Connecting to the server listing...
<[03/06/2025 - 04:51:15]> [ERROR]   Failed to connect to the server listing
<[03/06/2025 - 04:51:20]> [INFO]    Connecting to the server listing...
<[03/06/2025 - 04:51:30]> [ERROR]   Failed to connect to the server listing
<[03/06/2025 - 04:51:35]> [INFO]    Connecting to the server listing...
<[03/06/2025 - 04:51:45]> [ERROR]   Failed to connect to the server listing
<[03/06/2025 - 04:51:50]> [INFO]    Connecting to the server listing...
<[03/06/2025 - 04:52:00]> [ERROR]   Failed to connect to the server listing
<[03/06/2025 - 04:52:05]> [INFO]    Connecting to the server listing...
<[03/06/2025 - 04:52:15]> [ERROR]   Failed to connect to the server listing
<[03/06/2025 - 04:52:20]> [INFO]    Connecting to the server listing...
<[03/06/2025 - 04:52:30]> [ERROR]   Failed to connect to the server listing
<[03/06/2025 - 04:52:35]> [INFO]    Connecting to the server listing...
<[03/06/2025 - 04:52:45]> [ERROR]   Failed to connect to the server listing
<[03/06/2025 - 04:52:50]> [INFO]    Connecting to the server listing...
<[03/06/2025 - 04:53:00]> [ERROR]   Failed to connect to the server listing
<[03/06/2025 - 04:53:05]> [INFO]    Connecting to the server listing...
<[03/06/2025 - 04:53:15]> [ERROR]   Failed to connect to the server listing
<[03/06/2025 - 04:53:20]> [INFO]    Connecting to the server listing...
<[03/06/2025 - 04:53:30]> [ERROR]   Failed to connect to the server listing
<[03/06/2025 - 04:53:35]> [INFO]    Connecting to the server listing...
<[03/06/2025 - 04:53:45]> [ERROR]   Failed to connect to the server listing
<[03/06/2025 - 04:53:50]> [INFO]    Connecting to the server listing...
<[03/06/2025 - 04:54:00]> [ERROR]   Failed to connect to the server listing
<[03/06/2025 - 04:54:05]> [INFO]    Connecting to the server listing...
<[03/06/2025 - 04:54:15]> [ERROR]   Failed to connect to the server listing
<[03/06/2025 - 04:54:20]> [INFO]    Connecting to the server listing...
<[03/06/2025 - 04:54:30]> [ERROR]   Failed to connect to the server listing
<[03/06/2025 - 04:54:35]> [INFO]    Connecting to the server listing...
<[03/06/2025 - 04:54:45]> [ERROR]   Failed to connect to the server listing
<[03/06/2025 - 04:54:50]> [INFO]    Connecting to the server listing...
<[03/06/2025 - 04:55:00]> [ERROR]   Failed to connect to the server listing
<[03/06/2025 - 04:55:05]> [INFO]    Connecting to the server listing...
<[03/06/2025 - 04:55:15]> [ERROR]   Failed to connect to the server listing
<[03/06/2025 - 04:55:20]> [INFO]    Connecting to the server listing...
<[03/06/2025 - 04:55:30]> [ERROR]   Failed to connect to the server listing
<[03/06/2025 - 04:55:35]> [INFO]    Connecting to the server listing...
<[03/06/2025 - 04:55:45]> [ERROR]   Failed to connect to the server listing
<[03/06/2025 - 04:55:50]> [INFO]    Connecting to the server listing...
<[03/06/2025 - 04:56:00]> [ERROR]   Failed to connect to the server listing
<[03/06/2025 - 04:56:05]> [INFO]    Connecting to the server listing...
<[03/06/2025 - 04:56:15]> [ERROR]   Failed to connect to the server listing
<[03/06/2025 - 04:56:20]> [INFO]    Connecting to the server listing...
<[03/06/2025 - 04:56:30]> [ERROR]   Failed to connect to the server listing
<[03/06/2025 - 04:56:35]> [INFO]    Connecting to the server listing...
<[03/06/2025 - 04:56:45]> [ERROR]   Failed to connect to the server listing
<[03/06/2025 - 04:56:50]> [INFO]    Connecting to the server listing...
<[03/06/2025 - 04:57:00]> [ERROR]   Failed to connect to the server listing
<[03/06/2025 - 04:57:05]> [INFO]    Connecting to the server listing...
<[03/06/2025 - 04:57:15]> [ERROR]   Failed to connect to the server listing
<[03/06/2025 - 04:57:20]> [INFO]    Connecting to the server listing...
<[03/06/2025 - 04:57:25]> [INFO]    Server shutting down...
<[03/06/2025 - 04:57:25]> [INFO]    STOP: Stopping resource coop...
<[03/06/2025 - 04:57:25]> [INFO]    STOP: Resource coop stopped.
<[03/06/2025 - 04:57:25]> ------------------------------------------------------------
<[03/06/2025 - 04:57:25]> ---------------------- Logging Ended -----------------------
<[03/06/2025 - 04:57:25]> ------------------------------------------------------------
<[03/06/2025 - 05:51:27]> ------------------------------------------------------------
<[03/06/2025 - 05:51:27]> --------------------- Logging Started ----------------------
<[03/06/2025 - 05:51:27]> ------------------------------------------------------------
<[03/06/2025 - 05:51:27]> Galactic 1.2.0
<[03/06/2025 - 05:51:27]> Platform: Windows
<[03/06/2025 - 05:51:27]> Windows NT 10.0 Build 26100 Win64; x64
<[03/06/2025 - 05:51:27]> Intel(R) Core(TM) i7-9700K CPU @ 3.60GHz
<[03/06/2025 - 05:51:27]> ------------------------------------------------------------
<[03/06/2025 - 05:51:27]> [INFO]    Loading modules...
<[03/06/2025 - 05:51:27]> [INFO]    0/0 Modules loaded, 0 failed
<[03/06/2025 - 05:51:27]> [INFO]    Scanning resources...
<[03/06/2025 - 05:51:27]> [INFO]    Loading resources...
<[03/06/2025 - 05:51:27]> [INFO]    2 resources in the resource cache
<[03/06/2025 - 05:51:27]> [INFO]    Server is starting...
<[03/06/2025 - 05:51:27]> [INFO]    Multithreading: disabled
<[03/06/2025 - 05:51:27]> [INFO]    Server is now listening on port 8904 max players 32...
<[03/06/2025 - 05:51:27]> [INFO]    Starting resources...
<[03/06/2025 - 05:51:27]> [INFO]    START: Starting resource coop...
<[03/06/2025 - 05:51:27]> [INFO]    START: Resource coop started.
<[03/06/2025 - 05:51:27]> [INFO]    1/1 Resources loaded, 0 failed
<[03/06/2025 - 05:51:27]> [INFO]    Connecting to the server listing...
<[03/06/2025 - 05:51:37]> [ERROR]   Failed to connect to the server listing
<[03/06/2025 - 05:51:42]> [INFO]    Connecting to the server listing...
<[03/06/2025 - 05:51:46]> [INFO]    CONNECT: 127.0.0.1 is attempting to connect
<[03/06/2025 - 05:51:52]> [ERROR]   Failed to connect to the server listing
<[03/06/2025 - 05:51:57]> [INFO]    Connecting to the server listing...
<[03/06/2025 - 05:52:07]> [ERROR]   Failed to connect to the server listing
<[03/06/2025 - 05:52:12]> [INFO]    Connecting to the server listing...
<[03/06/2025 - 05:52:22]> [ERROR]   Failed to connect to the server listing
<[03/06/2025 - 05:52:27]> [INFO]    Connecting to the server listing...
<[03/06/2025 - 05:52:37]> [ERROR]   Failed to connect to the server listing
<[03/06/2025 - 05:52:42]> [INFO]    Connecting to the server listing...
<[03/06/2025 - 05:52:52]> [ERROR]   Failed to connect to the server listing
<[03/06/2025 - 05:52:57]> [INFO]    Connecting to the server listing...
<[03/06/2025 - 05:52:59]> [ERROR]   Error: Expected integer for argument 1
<[03/06/2025 - 05:52:59]> [ERROR]   File: /resources/coop/server.js Line: 33 Column: 5
<[03/06/2025 - 05:53:07]> [ERROR]   Failed to connect to the server listing
<[03/06/2025 - 05:53:12]> [INFO]    Connecting to the server listing...
<[03/06/2025 - 05:53:22]> [ERROR]   Failed to connect to the server listing
<[03/06/2025 - 05:53:27]> [INFO]    Connecting to the server listing...
<[03/06/2025 - 05:53:37]> [ERROR]   Failed to connect to the server listing
<[03/06/2025 - 05:53:42]> [INFO]    Connecting to the server listing...
<[03/06/2025 - 05:53:52]> [ERROR]   Failed to connect to the server listing
<[03/06/2025 - 05:53:57]> [INFO]    Connecting to the server listing...
<[03/06/2025 - 05:54:07]> [ERROR]   Failed to connect to the server listing
<[03/06/2025 - 05:54:12]> [INFO]    Connecting to the server listing...
<[03/06/2025 - 05:54:22]> [ERROR]   Failed to connect to the server listing
<[03/06/2025 - 05:54:27]> [INFO]    Connecting to the server listing...
<[03/06/2025 - 05:54:37]> [ERROR]   Failed to connect to the server listing
<[03/06/2025 - 05:54:42]> [INFO]    Connecting to the server listing...
<[03/06/2025 - 05:54:52]> [ERROR]   Failed to connect to the server listing
<[03/06/2025 - 05:54:57]> [INFO]    Connecting to the server listing...
<[03/06/2025 - 05:55:07]> [ERROR]   Failed to connect to the server listing
<[03/06/2025 - 05:55:12]> [INFO]    Connecting to the server listing...
<[03/06/2025 - 05:55:22]> [ERROR]   Failed to connect to the server listing
<[03/06/2025 - 05:55:27]> [INFO]    Connecting to the server listing...
<[03/06/2025 - 05:55:37]> [ERROR]   Failed to connect to the server listing
<[03/06/2025 - 05:55:42]> [INFO]    Connecting to the server listing...
<[03/06/2025 - 05:55:52]> [ERROR]   Failed to connect to the server listing
<[03/06/2025 - 05:55:57]> [INFO]    Connecting to the server listing...
<[03/06/2025 - 05:56:07]> [ERROR]   Failed to connect to the server listing
<[03/06/2025 - 05:56:12]> [INFO]    Connecting to the server listing...
<[03/06/2025 - 05:56:22]> [ERROR]   Failed to connect to the server listing
<[03/06/2025 - 05:56:27]> [INFO]    Connecting to the server listing...
<[03/06/2025 - 05:56:36]> [INFO]    Server shutting down...
<[03/06/2025 - 05:56:36]> [INFO]    STOP: Stopping resource coop...
<[03/06/2025 - 05:56:36]> [INFO]    STOP: Resource coop stopped.
<[03/06/2025 - 05:56:36]> ------------------------------------------------------------
<[03/06/2025 - 05:56:36]> ---------------------- Logging Ended -----------------------
<[03/06/2025 - 05:56:36]> ------------------------------------------------------------
<[03/06/2025 - 06:01:46]> ------------------------------------------------------------
<[03/06/2025 - 06:01:46]> --------------------- Logging Started ----------------------
<[03/06/2025 - 06:01:46]> ------------------------------------------------------------
<[03/06/2025 - 06:01:46]> Galactic 1.2.0
<[03/06/2025 - 06:01:46]> Platform: Windows
<[03/06/2025 - 06:01:46]> Windows NT 10.0 Build 26100 Win64; x64
<[03/06/2025 - 06:01:46]> Intel(R) Core(TM) i7-9700K CPU @ 3.60GHz
<[03/06/2025 - 06:01:46]> ------------------------------------------------------------
<[03/06/2025 - 06:01:47]> [INFO]    Loading modules...
<[03/06/2025 - 06:01:47]> [INFO]    0/0 Modules loaded, 0 failed
<[03/06/2025 - 06:01:47]> [INFO]    Scanning resources...
<[03/06/2025 - 06:01:47]> [INFO]    Loading resources...
<[03/06/2025 - 06:01:47]> [INFO]    2 resources in the resource cache
<[03/06/2025 - 06:01:47]> [INFO]    Server is starting...
<[03/06/2025 - 06:01:47]> [INFO]    Multithreading: disabled
<[03/06/2025 - 06:01:47]> [INFO]    Server is now listening on port 8904 max players 32...
<[03/06/2025 - 06:01:47]> [INFO]    Starting resources...
<[03/06/2025 - 06:01:47]> [INFO]    START: Starting resource coop...
<[03/06/2025 - 06:01:47]> [INFO]    START: Resource coop started.
<[03/06/2025 - 06:01:47]> [INFO]    1/1 Resources loaded, 0 failed
<[03/06/2025 - 06:01:47]> [INFO]    Connecting to the server listing...
<[03/06/2025 - 06:01:57]> [ERROR]   Failed to connect to the server listing
<[03/06/2025 - 06:02:02]> [INFO]    Connecting to the server listing...
<[03/06/2025 - 06:02:09]> [INFO]    CONNECT: 127.0.0.1 is attempting to connect
<[03/06/2025 - 06:02:12]> [ERROR]   Failed to connect to the server listing
<[03/06/2025 - 06:02:17]> [INFO]    Connecting to the server listing...
<[03/06/2025 - 06:02:27]> [ERROR]   Failed to connect to the server listing
<[03/06/2025 - 06:02:32]> [INFO]    Connecting to the server listing...
<[03/06/2025 - 06:02:42]> [ERROR]   Failed to connect to the server listing
<[03/06/2025 - 06:02:47]> [INFO]    Connecting to the server listing...
<[03/06/2025 - 06:02:57]> [ERROR]   Failed to connect to the server listing
<[03/06/2025 - 06:03:02]> [INFO]    Connecting to the server listing...
<[03/06/2025 - 06:03:12]> [ERROR]   Failed to connect to the server listing
<[03/06/2025 - 06:03:17]> [INFO]    Connecting to the server listing...
<[03/06/2025 - 06:03:27]> [ERROR]   Failed to connect to the server listing
<[03/06/2025 - 06:03:32]> [INFO]    Connecting to the server listing...
<[03/06/2025 - 06:03:42]> [ERROR]   Failed to connect to the server listing
<[03/06/2025 - 06:03:47]> [INFO]    Connecting to the server listing...
<[03/06/2025 - 06:03:57]> [ERROR]   Failed to connect to the server listing
<[03/06/2025 - 06:04:02]> [INFO]    Connecting to the server listing...
<[03/06/2025 - 06:04:12]> [ERROR]   Failed to connect to the server listing
<[03/06/2025 - 06:04:17]> [INFO]    Connecting to the server listing...
<[03/06/2025 - 06:04:27]> [ERROR]   Failed to connect to the server listing
<[03/06/2025 - 06:04:32]> [INFO]    Connecting to the server listing...
<[03/06/2025 - 06:04:42]> [ERROR]   Failed to connect to the server listing
<[03/06/2025 - 06:04:47]> [INFO]    Connecting to the server listing...
<[03/06/2025 - 06:04:57]> [ERROR]   Failed to connect to the server listing
<[03/06/2025 - 06:05:02]> [INFO]    Connecting to the server listing...
<[03/06/2025 - 06:05:12]> [ERROR]   Failed to connect to the server listing
<[03/06/2025 - 06:05:17]> [INFO]    Connecting to the server listing...
<[03/06/2025 - 06:05:27]> [ERROR]   Failed to connect to the server listing
<[03/06/2025 - 06:05:32]> [INFO]    Connecting to the server listing...
<[03/06/2025 - 06:05:42]> [ERROR]   Failed to connect to the server listing
<[03/06/2025 - 06:05:47]> [INFO]    Connecting to the server listing...
<[03/06/2025 - 06:05:57]> [ERROR]   Failed to connect to the server listing
<[03/06/2025 - 06:06:02]> [INFO]    Connecting to the server listing...
<[03/06/2025 - 06:06:12]> [ERROR]   Failed to connect to the server listing
<[03/06/2025 - 06:06:17]> [INFO]    Connecting to the server listing...
<[03/06/2025 - 06:06:27]> [ERROR]   Failed to connect to the server listing
<[03/06/2025 - 06:06:32]> [INFO]    Connecting to the server listing...
<[03/06/2025 - 06:06:42]> [ERROR]   Failed to connect to the server listing
<[03/06/2025 - 06:06:47]> [INFO]    Connecting to the server listing...
<[03/06/2025 - 06:06:57]> [ERROR]   Failed to connect to the server listing
<[03/06/2025 - 06:07:02]> [INFO]    Connecting to the server listing...
<[03/06/2025 - 06:07:12]> [ERROR]   Failed to connect to the server listing
<[03/06/2025 - 06:07:17]> [INFO]    Connecting to the server listing...
<[03/06/2025 - 06:07:27]> [ERROR]   Failed to connect to the server listing
<[03/06/2025 - 06:07:32]> [INFO]    Connecting to the server listing...
<[03/06/2025 - 06:07:42]> [ERROR]   Failed to connect to the server listing
<[03/06/2025 - 06:07:47]> [INFO]    Connecting to the server listing...
<[03/06/2025 - 06:07:57]> [ERROR]   Failed to connect to the server listing
<[03/06/2025 - 06:08:02]> [INFO]    Connecting to the server listing...
<[03/06/2025 - 06:08:12]> [ERROR]   Failed to connect to the server listing
<[03/06/2025 - 06:08:17]> [INFO]    Connecting to the server listing...
<[03/06/2025 - 06:08:27]> [ERROR]   Failed to connect to the server listing
<[03/06/2025 - 06:08:32]> [INFO]    Connecting to the server listing...
<[03/06/2025 - 06:08:42]> [ERROR]   Failed to connect to the server listing
<[03/06/2025 - 06:08:47]> [INFO]    Connecting to the server listing...
<[03/06/2025 - 06:08:57]> [ERROR]   Failed to connect to the server listing
<[03/06/2025 - 06:09:02]> [INFO]    Connecting to the server listing...
<[03/06/2025 - 06:09:12]> [ERROR]   Failed to connect to the server listing
<[03/06/2025 - 06:09:17]> [INFO]    Connecting to the server listing...
<[03/06/2025 - 06:09:27]> [ERROR]   Failed to connect to the server listing
<[03/06/2025 - 06:09:32]> [INFO]    Connecting to the server listing...
<[03/06/2025 - 06:09:42]> [ERROR]   Failed to connect to the server listing
<[03/06/2025 - 06:09:47]> [INFO]    Connecting to the server listing...
<[03/06/2025 - 06:09:57]> [ERROR]   Failed to connect to the server listing
<[03/06/2025 - 06:10:02]> [INFO]    Connecting to the server listing...
<[03/06/2025 - 06:10:12]> [ERROR]   Failed to connect to the server listing
<[03/06/2025 - 06:10:17]> [INFO]    Connecting to the server listing...
<[03/06/2025 - 06:10:27]> [ERROR]   Failed to connect to the server listing
<[03/06/2025 - 06:10:32]> [INFO]    Connecting to the server listing...
<[03/06/2025 - 06:10:42]> [ERROR]   Failed to connect to the server listing
<[03/06/2025 - 06:10:47]> [INFO]    Connecting to the server listing...
<[03/06/2025 - 06:10:57]> [ERROR]   Failed to connect to the server listing
<[03/06/2025 - 06:11:02]> [INFO]    Connecting to the server listing...
<[03/06/2025 - 06:11:12]> [ERROR]   Failed to connect to the server listing
<[03/06/2025 - 06:11:17]> [INFO]    Connecting to the server listing...
<[03/06/2025 - 06:11:27]> [ERROR]   Failed to connect to the server listing
<[03/06/2025 - 06:11:32]> [INFO]    Connecting to the server listing...
<[03/06/2025 - 06:11:42]> [ERROR]   Failed to connect to the server listing
<[03/06/2025 - 06:11:47]> [INFO]    Connecting to the server listing...
<[03/06/2025 - 06:11:57]> [ERROR]   Failed to connect to the server listing
<[03/06/2025 - 06:12:02]> [INFO]    Connecting to the server listing...
<[03/06/2025 - 06:12:12]> [ERROR]   Failed to connect to the server listing
<[03/06/2025 - 06:12:17]> [INFO]    Connecting to the server listing...
<[03/06/2025 - 06:12:27]> [ERROR]   Failed to connect to the server listing
<[03/06/2025 - 06:12:32]> [INFO]    Connecting to the server listing...
<[03/06/2025 - 06:12:42]> [ERROR]   Failed to connect to the server listing
<[03/06/2025 - 06:12:47]> [INFO]    Connecting to the server listing...
<[03/06/2025 - 06:12:57]> [ERROR]   Failed to connect to the server listing
<[03/06/2025 - 06:13:02]> [INFO]    Connecting to the server listing...
<[03/06/2025 - 06:13:12]> [ERROR]   Failed to connect to the server listing
<[03/06/2025 - 06:13:17]> [INFO]    Connecting to the server listing...
<[03/06/2025 - 06:13:27]> [ERROR]   Failed to connect to the server listing
<[03/06/2025 - 06:13:32]> [INFO]    Connecting to the server listing...
<[03/06/2025 - 06:13:42]> [ERROR]   Failed to connect to the server listing
<[03/06/2025 - 06:13:47]> [INFO]    Connecting to the server listing...
<[03/06/2025 - 06:13:57]> [ERROR]   Failed to connect to the server listing
<[03/06/2025 - 06:14:02]> [INFO]    Connecting to the server listing...
<[03/06/2025 - 06:14:12]> [ERROR]   Failed to connect to the server listing
<[03/06/2025 - 06:14:17]> [INFO]    Connecting to the server listing...
<[03/06/2025 - 06:14:27]> [ERROR]   Failed to connect to the server listing
<[03/06/2025 - 06:14:32]> [INFO]    Connecting to the server listing...
<[03/06/2025 - 06:14:42]> [ERROR]   Failed to connect to the server listing
<[03/06/2025 - 06:14:47]> [INFO]    Connecting to the server listing...
